<?xml version="1.0" encoding="UTF-8"?>
<testng-results skipped="0" failed="0" total="2" passed="2">
  <reporter-output>
  </reporter-output>
  <suite name="Default suite" duration-ms="189167" started-at="2020-02-28T19:21:28Z" finished-at="2020-02-28T19:24:37Z">
    <groups>
    </groups>
    <test name="Default test" duration-ms="189167" started-at="2020-02-28T19:21:28Z" finished-at="2020-02-28T19:24:37Z">
      <class name="testCases.GetLaptopPrice">
        <test-method status="PASS" signature="verifyLowestPriceWithGuest()[pri:1, instance:testCases.GetLaptopPrice@5b275dab]" name="verifyLowestPriceWithGuest" duration-ms="90089" started-at="2020-02-29T00:51:28Z" finished-at="2020-02-29T00:52:58Z">
          <reporter-output>
          </reporter-output>
        </test-method> <!-- verifyLowestPriceWithGuest -->
        <test-method status="PASS" signature="verifyLowestPriceWithUserCredential()[pri:2, instance:testCases.GetLaptopPrice@5b275dab]" name="verifyLowestPriceWithUserCredential" duration-ms="99013" started-at="2020-02-29T00:52:58Z" finished-at="2020-02-29T00:54:37Z">
          <reporter-output>
          </reporter-output>
        </test-method> <!-- verifyLowestPriceWithUserCredential -->
      </class> <!-- testCases.GetLaptopPrice -->
    </test> <!-- Default test -->
  </suite> <!-- Default suite -->
</testng-results>
